TN:
SF:src/handleMessage.js
FN:4,(anonymous_0)
FNF:1
FNH:1
FNDA:8,(anonymous_0)
DA:1,1
DA:2,1
DA:4,1
DA:6,8
DA:7,1
DA:8,1
DA:9,1
DA:11,8
DA:12,1
DA:15,1
DA:18,7
DA:19,7
DA:20,7
DA:23,1
LF:14
LH:14
BRDA:6,0,0,1
BRDA:6,0,1,7
BRDA:11,1,0,1
BRDA:11,1,1,7
BRDA:19,2,0,4
BRDA:19,2,1,3
BRF:6
BRH:6
end_of_record
TN:
SF:src/index.js
FNF:0
FNH:0
LF:0
LH:0
BRF:0
BRH:0
end_of_record
TN:
SF:src/setWinners.js
FN:7,getWinner
FN:9,(anonymous_1)
FNF:2
FNH:2
FNDA:8,getWinner
FNDA:17,(anonymous_1)
DA:9,8
DA:10,17
DA:14,1
LF:3
LH:3
BRDA:10,0,0,5
BRDA:10,0,1,12
BRF:2
BRH:2
end_of_record
TN:
SF:src/state.js
FNF:0
FNH:0
DA:16,1
DA:24,1
DA:32,1
LF:3
LH:3
BRF:0
BRH:0
end_of_record
TN:
SF:src/twitch_chat.js
FN:18,(anonymous_0)
FN:35,checkJS
FN:45,(anonymous_2)
FNF:3
FNH:0
FNDA:0,(anonymous_0)
FNDA:0,checkJS
FNDA:0,(anonymous_2)
DA:1,0
DA:2,0
DA:4,0
DA:5,0
DA:7,0
DA:8,0
DA:11,0
DA:15,0
DA:17,0
DA:19,0
DA:20,0
DA:26,0
DA:27,0
DA:29,0
DA:31,0
DA:33,0
DA:36,0
DA:39,0
DA:43,0
DA:45,0
DA:46,0
LF:21
LH:0
BRF:0
BRH:0
end_of_record
